<?xml version="1.0" encoding="UTF-8"?>
<!-- Generated by org.testng.reporters.JUnitReportReporter -->
<testsuite hostname="exactpro-nb168" failures="0" tests="1" name="testcases.TestFW" time="30.723" errors="0" timestamp="2025-04-27T20:05:35 IST" skipped="0">
  <testcase classname="testcases.TestFW" name="LoginTest" time="30.723"/>
  <system-out/>
</testsuite> <!-- testcases.TestFW -->
